<?xml version="1.0" encoding="UTF-8"?>
<testsuite xmlns:xsi="http://www.w3.org/2001/XMLSchema-instance" xsi:noNamespaceSchemaLocation="https://maven.apache.org/surefire/maven-surefire-plugin/xsd/surefire-test-report-3.0.xsd" version="3.0" name="io.quarkus.workshop.superheroes.hero.HeroResourceTest" time="13.364" tests="9" errors="0" skipped="0" failures="0">
  <properties>
[...]
</properties>
  <testcase name="shouldGetInitialItems" classname="io.quarkus.workshop.superheroes.hero.HeroResourceTest" time="1.715">
    <system-out><![CDATA[2022-09-13 14:08:40,451 INFO  [org.jbo.threads] (main) JBoss Threads version 3.4.2.Final
2022-09-13 14:08:40,821 INFO  [org.tes.doc.DockerClientProviderStrategy] (build-16) Loaded org.testcontainers.dockerclient.UnixSocketClientProviderStrategy from ~/.testcontainers.properties, will try it first
2022-09-13 14:08:41,450 INFO  [org.tes.doc.DockerClientProviderStrategy] (build-16) Found Docker environment with local Unix socket (unix:///var/run/docker.sock)
2022-09-13 14:08:41,453 INFO  [org.tes.DockerClientFactory] (build-16) Docker host IP address is localhost
2022-09-13 14:08:41,480 INFO  [org.tes.DockerClientFactory] (build-16) Connected to docker: 
  Server Version: 20.10.17
  API Version: 1.41
  Operating System: Docker Desktop
  Total Memory: 7859 MB
2022-09-13 14:08:41,494 INFO  [org.tes.uti.ImageNameSubstitutor] (build-16) Image name substitution will be performed by: DefaultImageNameSubstitutor (composite of 'ConfigurationFileImageNameSubstitutor' and 'PrefixingImageNameSubstitutor')
2022-09-13 14:08:41,526 INFO  [🐳 .3.3]] (build-16) Creating container for image: testcontainers/ryuk:0.3.3
2022-09-13 14:08:41,770 INFO  [org.tes.uti.RegistryAuthLocator] (build-16) Credential helper/store (docker-credential-desktop) does not have credentials for https://index.docker.io/v1/
2022-09-13 14:08:41,884 INFO  [🐳 .3.3]] (build-16) Container testcontainers/ryuk:0.3.3 is starting: 58f6033a482a8886712cde95ab9481784d8de1f2a13c6e24260616194e4ca0d7
2022-09-13 14:08:42,406 INFO  [🐳 .3.3]] (build-16) Container testcontainers/ryuk:0.3.3 started in PT0.906248S
2022-09-13 14:08:42,415 INFO  [org.tes.uti.RyukResourceReaper] (build-16) Ryuk started - will monitor and terminate Testcontainers containers on JVM exit
2022-09-13 14:08:42,416 INFO  [org.tes.DockerClientFactory] (build-16) Checking the system...
2022-09-13 14:08:42,417 INFO  [org.tes.DockerClientFactory] (build-16) ✔︎ Docker server version should be at least 1.6.0
2022-09-13 14:08:42,443 INFO  [🐳 .io/postgres:14]] (build-16) Creating container for image: docker.io/postgres:14
2022-09-13 14:08:42,495 INFO  [org.tes.uti.RegistryAuthLocator] (build-16) Credential helper/store (docker-credential-desktop) does not have credentials for docker.io
2022-09-13 14:08:42,496 WARN  [🐳 .io/postgres:14]] (build-16) Reuse was requested but the environment does not support the reuse of containers
To enable reuse of containers, you must set 'testcontainers.reuse.enable=true' in a file located at /Users/johnsanta/.testcontainers.properties
2022-09-13 14:08:42,531 INFO  [🐳 .io/postgres:14]] (build-16) Container docker.io/postgres:14 is starting: be51891b5052d80560af56638ca3a3df56b60cb83c8e18de3f07fedff2208905
2022-09-13 14:08:44,523 INFO  [🐳 .io/postgres:14]] (build-16) Container docker.io/postgres:14 started in PT2.100053S
2022-09-13 14:08:44,523 INFO  [io.qua.dev.pos.dep.PostgresqlDevServicesProcessor] (build-16) Dev Services for PostgreSQL started.
2022-09-13 14:08:44,525 INFO  [io.qua.dat.dep.dev.DevServicesDatasourceProcessor] (build-16) Dev Services for the default datasource (postgresql) started.
2022-09-13 14:08:46,203 INFO  [org.hib.rea.pro.imp.ReactiveIntegrator] (JPA Startup Thread: default-reactive) HR000001: Hibernate Reactive
2022-09-13 14:08:46,585 WARN  [io.ver.sql.imp.SocketConnectionBase] (vert.x-eventloop-thread-0) Backend notice: severity='NOTICE', code='00000', message='table "hero" does not exist, skipping', detail='null', hint='null', position='null', internalPosition='null', internalQuery='null', where='null', file='tablecmds.c', line='1272', routine='DropErrorMsgNonExistent', schema='null', table='null', column='null', dataType='null', constraint='null'
2022-09-13 14:08:46,589 WARN  [io.ver.sql.imp.SocketConnectionBase] (vert.x-eventloop-thread-0) Backend notice: severity='NOTICE', code='00000', message='sequence "hibernate_sequence" does not exist, skipping', detail='null', hint='null', position='null', internalPosition='null', internalQuery='null', where='null', file='tablecmds.c', line='1272', routine='DropErrorMsgNonExistent', schema='null', table='null', column='null', dataType='null', constraint='null'
2022-09-13 14:08:46,835 WARN  [io.ver.sql.imp.SocketConnectionBase] (vert.x-eventloop-thread-0) Backend notice: severity='NOTICE', code='00000', message='table "hero" does not exist, skipping', detail='null', hint='null', position='null', internalPosition='null', internalQuery='null', where='null', file='tablecmds.c', line='1272', routine='DropErrorMsgNonExistent', schema='null', table='null', column='null', dataType='null', constraint='null'
2022-09-13 14:08:46,838 WARN  [io.ver.sql.imp.SocketConnectionBase] (vert.x-eventloop-thread-0) Backend notice: severity='NOTICE', code='00000', message='sequence "hibernate_sequence" does not exist, skipping', detail='null', hint='null', position='null', internalPosition='null', internalQuery='null', where='null', file='tablecmds.c', line='1272', routine='DropErrorMsgNonExistent', schema='null', table='null', column='null', dataType='null', constraint='null'
2022-09-13 14:08:49,224 INFO  [io.quarkus] (main) rest-heroes 1.0.0-SNAPSHOT on JVM (powered by Quarkus 2.12.1.Final) started in 9.689s. Listening on: http://localhost:8081
2022-09-13 14:08:49,225 INFO  [io.quarkus] (main) Profile test activated. 
2022-09-13 14:08:49,225 INFO  [io.quarkus] (main) Installed features: [cdi, hibernate-orm, hibernate-reactive, hibernate-reactive-panache, hibernate-validator, reactive-pg-client, resteasy-reactive, resteasy-reactive-jackson, smallrye-context-propagation, smallrye-openapi, swagger-ui, vertx]
]]></system-out>
  </testcase>
  <testcase name="shouldAddAnItem" classname="io.quarkus.workshop.superheroes.hero.HeroResourceTest" time="0.804"/>
  <testcase name="shouldUpdateAnItem" classname="io.quarkus.workshop.superheroes.hero.HeroResourceTest" time="0.118"/>
  <testcase name="shouldRemoveAnItem" classname="io.quarkus.workshop.superheroes.hero.HeroResourceTest" time="0.072"/>
  <testcase name="shouldGetRandomHero" classname="io.quarkus.workshop.superheroes.hero.HeroResourceTest" time="0.023"/>
  <testcase name="shouldNotAddInvalidItem" classname="io.quarkus.workshop.superheroes.hero.HeroResourceTest" time="0.036"/>
  <testcase name="shouldNotGetUnknownHero" classname="io.quarkus.workshop.superheroes.hero.HeroResourceTest" time="0.015"/>
  <testcase name="testHelloEndpoint" classname="io.quarkus.workshop.superheroes.hero.HeroResourceTest" time="0.013"/>
  <testcase name="shouldPingOpenAPI" classname="io.quarkus.workshop.superheroes.hero.HeroResourceTest" time="0.082"/>
</testsuite>